\BOOKMARK [0][-]{section*.1}{\315ndice general}{}% 1
\BOOKMARK [0][-]{section*.2}{\315ndice de figuras}{}% 2
\BOOKMARK [0][-]{section*.3}{\315ndice de tablas}{}% 3
\BOOKMARK [0][-]{chapter*.4}{Introducci\363n}{}% 4
\BOOKMARK [0][-]{chapter*.5}{Objetivos del proyecto}{}% 5
\BOOKMARK [0][-]{chapter*.6}{Conceptos te\363ricos}{}% 6
\BOOKMARK [1][-]{section.3.1}{Algoritmo A*}{chapter*.6}% 7
\BOOKMARK [1][-]{section.3.2}{Pathsmoothing}{chapter*.6}% 8
\BOOKMARK [1][-]{section.3.3}{Theta*}{chapter*.6}% 9
\BOOKMARK [1][-]{section.3.4}{Referencias}{chapter*.6}% 10
\BOOKMARK [1][-]{section.3.5}{Im\341genes}{chapter*.6}% 11
\BOOKMARK [1][-]{section.3.6}{Listas de items}{chapter*.6}% 12
\BOOKMARK [1][-]{section.3.7}{Tablas}{chapter*.6}% 13
\BOOKMARK [0][-]{chapter*.13}{T\351cnicas y herramientas}{}% 14
\BOOKMARK [1][-]{section.4.1}{Programas usados}{chapter*.13}% 15
\BOOKMARK [0][-]{chapter*.18}{Aspectos relevantes del desarrollo del proyecto}{}% 16
\BOOKMARK [1][-]{section.5.1}{Nav Mesh}{chapter*.18}% 17
\BOOKMARK [0][-]{chapter*.19}{Trabajos relacionados}{}% 18
\BOOKMARK [0][-]{chapter*.20}{Conclusiones y L\355neas de trabajo futuras}{}% 19
\BOOKMARK [0][-]{section*.22}{Bibliograf\355a}{}% 20
